<?xml version="1.0" encoding="UTF-8"?>
<!-- Generated by org.testng.reporters.JUnitReportReporter -->
<testsuite hostname="LAPTOP-VVENEK7A" name="variousConcept.LearnAssertion" tests="1" failures="0" timestamp="23 Jan 2023 01:17:44 GMT" time="7.858" errors="0">
  <testcase name="testLocator" time="7.858" classname="variousConcept.LearnAssertion"/>
</testsuite> <!-- variousConcept.LearnAssertion -->
